  CMakeCXXCompilerId.cpp
c1xx : fatal error C1083: 无法打开源文件: “inc\utilities-master\source\mesh_signed_distance\build\CMakeFiles\2.8.10.2\CompilerIdCXX\CMakeCXXCompilerId.cpp”: No such file or directory
  mesh_signed_distance.cpp
c1xx : fatal error C1083: 无法打开源文件: “inc\utilities-master\source\mesh_signed_distance\mesh_signed_distance.cpp”: No such file or directory
  MeshSimplifyAndRemesh.cpp
E:\Users\Administrator\source\repos\MeshSimplifyAndRemesh\inc\Simplify.h(348,3): warning C4018: “<”: 有符号/无符号不匹配
E:\Users\Administrator\source\repos\MeshSimplifyAndRemesh\inc\Simplify.h(370,4): warning C4018: “<”: 有符号/无符号不匹配
E:\Users\Administrator\source\repos\MeshSimplifyAndRemesh\inc\Simplify.h(386,4): warning C4018: “<”: 有符号/无符号不匹配
E:\Users\Administrator\source\repos\MeshSimplifyAndRemesh\inc\Simplify.h(450,3): warning C4018: “<”: 有符号/无符号不匹配
E:\Users\Administrator\source\repos\MeshSimplifyAndRemesh\inc\Simplify.h(463,4): warning C4018: “<”: 有符号/无符号不匹配
E:\Users\Administrator\source\repos\MeshSimplifyAndRemesh\inc\Simplify.h(476,4): warning C4018: “<”: 有符号/无符号不匹配
E:\Users\Administrator\source\repos\MeshSimplifyAndRemesh\inc\Simplify.h(621,4): warning C4018: “<”: 有符号/无符号不匹配
E:\Users\Administrator\source\repos\MeshSimplifyAndRemesh\inc\Simplify.h(637,4): warning C4018: “<”: 有符号/无符号不匹配
E:\Users\Administrator\source\repos\MeshSimplifyAndRemesh\inc\Simplify.h(640,4): warning C4018: “<”: 有符号/无符号不匹配
E:\Users\Administrator\source\repos\MeshSimplifyAndRemesh\inc\Simplify.h(651,4): warning C4018: “<”: 有符号/无符号不匹配
E:\Users\Administrator\source\repos\MeshSimplifyAndRemesh\inc\Simplify.h(661,3): warning C4018: “<”: 有符号/无符号不匹配
E:\Users\Administrator\source\repos\MeshSimplifyAndRemesh\inc\Simplify.h(666,3): warning C4018: “<”: 有符号/无符号不匹配
E:\Users\Administrator\source\repos\MeshSimplifyAndRemesh\inc\Simplify.h(672,3): warning C4018: “<”: 有符号/无符号不匹配
E:\Users\Administrator\source\repos\MeshSimplifyAndRemesh\inc\Simplify.h(682,3): warning C4018: “<”: 有符号/无符号不匹配
E:\Users\Administrator\source\repos\MeshSimplifyAndRemesh\inc\Simplify.h(699,4): warning C4018: “<”: 有符号/无符号不匹配
E:\Users\Administrator\source\repos\MeshSimplifyAndRemesh\inc\Simplify.h(702,4): warning C4018: “<”: 有符号/无符号不匹配
E:\Users\Administrator\source\repos\MeshSimplifyAndRemesh\inc\Simplify.h(714,16): warning C4018: “<”: 有符号/无符号不匹配
E:\Users\Administrator\source\repos\MeshSimplifyAndRemesh\inc\Simplify.h(728,5): warning C4018: “<”: 有符号/无符号不匹配
E:\Users\Administrator\source\repos\MeshSimplifyAndRemesh\inc\Simplify.h(739,3): warning C4018: “<”: 有符号/无符号不匹配
E:\Users\Administrator\source\repos\MeshSimplifyAndRemesh\inc\Simplify.h(743,3): warning C4018: “<”: 有符号/无符号不匹配
E:\Users\Administrator\source\repos\MeshSimplifyAndRemesh\inc\Simplify.h(752,3): warning C4018: “<”: 有符号/无符号不匹配
E:\Users\Administrator\source\repos\MeshSimplifyAndRemesh\inc\Simplify.h(759,3): warning C4018: “<”: 有符号/无符号不匹配
E:\Users\Administrator\source\repos\MeshSimplifyAndRemesh\inc\Simplify.h(971,4): warning C4018: “<”: 有符号/无符号不匹配
E:\Users\Administrator\source\repos\MeshSimplifyAndRemesh\inc\Simplify.h(1000,3): warning C4018: “<”: 有符号/无符号不匹配
E:\Users\Administrator\source\repos\MeshSimplifyAndRemesh\inc\Simplify.h(1007,4): warning C4018: “<”: 有符号/无符号不匹配
E:\Users\Administrator\source\repos\MeshSimplifyAndRemesh\inc\Simplify.h(1015,3): warning C4018: “<”: 有符号/无符号不匹配
E:\Users\Administrator\source\repos\MeshSimplifyAndRemesh\inc\utilities\include\command_line_options.h(139,19): warning C4018: “<”: 有符号/无符号不匹配
E:\Users\Administrator\source\repos\MeshSimplifyAndRemesh\inc\utilities\include\command_line_options.h(154,21): warning C4018: “<”: 有符号/无符号不匹配
E:\Users\Administrator\source\repos\MeshSimplifyAndRemesh\inc\utilities\include\command_line_options.h(166,21): warning C4018: “<”: 有符号/无符号不匹配
E:\Users\Administrator\source\repos\MeshSimplifyAndRemesh\inc\utilities\include\command_line_options.h(195,19): warning C4018: “<”: 有符号/无符号不匹配
E:\Users\Administrator\source\repos\MeshSimplifyAndRemesh\inc\utilities\include\command_line_options.h(205,19): warning C4018: “<”: 有符号/无符号不匹配
E:\Users\Administrator\source\repos\MeshSimplifyAndRemesh\inc\utilities\include\command_line_options.h(223,19): warning C4018: “<”: 有符号/无符号不匹配
E:\Users\Administrator\source\repos\MeshSimplifyAndRemesh\inc\utilities\include\command_line_options.h(237,20): warning C4018: “<”: 有符号/无符号不匹配
E:\Users\Administrator\source\repos\MeshSimplifyAndRemesh\inc\utilities\include\drand48.h(15,17): warning C4244: “初始化”: 从“unsigned __int64”转换到“unsigned int”，可能丢失数据
E:\Users\Administrator\source\repos\MeshSimplifyAndRemesh\inc\utilities\include\vec3.h(158,61): error C2988: 不可识别的模板声明/定义
E:\Users\Administrator\source\repos\MeshSimplifyAndRemesh\inc\utilities\include\vec3.h(158,61): error C2143: 语法错误: 缺少“)”(在“常数”的前面)
E:\Users\Administrator\source\repos\MeshSimplifyAndRemesh\inc\utilities\include\vec3.h(158,61): error C2143: 语法错误: 缺少“;”(在“常数”的前面)
E:\Users\Administrator\source\repos\MeshSimplifyAndRemesh\inc\utilities\include\vec3.h(158,61): error C2059: 语法错误:“常数”
E:\Users\Administrator\source\repos\MeshSimplifyAndRemesh\inc\utilities\include\vec3.h(158,5): error C2059: 语法错误:“)”
E:\Users\Administrator\source\repos\MeshSimplifyAndRemesh\inc\utilities\include\vec3.h(158,5): error C2143: 语法错误: 缺少“;”(在“{”的前面)
E:\Users\Administrator\source\repos\MeshSimplifyAndRemesh\inc\utilities\include\vec3.h(158,5): error C2447: “{”: 缺少函数标题(是否是老式的形式表?)
E:\Users\Administrator\source\repos\MeshSimplifyAndRemesh\inc\utilities\include\vec3.h(163,62): error C2988: 不可识别的模板声明/定义
E:\Users\Administrator\source\repos\MeshSimplifyAndRemesh\inc\utilities\include\vec3.h(163,62): error C2143: 语法错误: 缺少“)”(在“常数”的前面)
E:\Users\Administrator\source\repos\MeshSimplifyAndRemesh\inc\utilities\include\vec3.h(163,62): error C2143: 语法错误: 缺少“;”(在“常数”的前面)
E:\Users\Administrator\source\repos\MeshSimplifyAndRemesh\inc\utilities\include\vec3.h(163,62): error C2059: 语法错误:“常数”
E:\Users\Administrator\source\repos\MeshSimplifyAndRemesh\inc\utilities\include\vec3.h(163,5): error C2059: 语法错误:“)”
E:\Users\Administrator\source\repos\MeshSimplifyAndRemesh\inc\utilities\include\vec3.h(163,5): error C2143: 语法错误: 缺少“;”(在“{”的前面)
E:\Users\Administrator\source\repos\MeshSimplifyAndRemesh\inc\utilities\include\vec3.h(163,5): error C2447: “{”: 缺少函数标题(是否是老式的形式表?)
E:\Users\Administrator\source\repos\MeshSimplifyAndRemesh\inc\mesh.h(40,16): error C2059: 语法错误:“常数”
E:\Users\Administrator\source\repos\MeshSimplifyAndRemesh\inc\mesh.h(42,16): error C2059: 语法错误:“常数”
E:\Users\Administrator\source\repos\MeshSimplifyAndRemesh\inc\mesh.h(43,68): warning C4307: “*”: 有符号整型常量溢出
E:\Users\Administrator\source\repos\MeshSimplifyAndRemesh\inc\mesh.h(44,60): warning C4307: “*”: 有符号整型常量溢出
E:\Users\Administrator\source\repos\MeshSimplifyAndRemesh\inc\mesh.h(45,60): warning C4307: “*”: 有符号整型常量溢出
E:\Users\Administrator\source\repos\MeshSimplifyAndRemesh\inc\mesh.h(59,23): error C2143: 语法错误: 缺少“)”(在“常数”的前面)
E:\Users\Administrator\source\repos\MeshSimplifyAndRemesh\inc\mesh.h(59,23): error C2143: 语法错误: 缺少“;”(在“常数”的前面)
E:\Users\Administrator\source\repos\MeshSimplifyAndRemesh\inc\mesh.h(59,15): error C2059: 语法错误:“常数”
E:\Users\Administrator\source\repos\MeshSimplifyAndRemesh\inc\mesh.h(59,15): error C2059: 语法错误:“)”
E:\Users\Administrator\source\repos\MeshSimplifyAndRemesh\inc\mesh.h(59,15): error C2334: “:”的前面有意外标记；跳过明显的函数体
E:\Users\Administrator\source\repos\MeshSimplifyAndRemesh\inc\mesh.h(103,25): error C2143: 语法错误: 缺少“)”(在“常数”的前面)
E:\Users\Administrator\source\repos\MeshSimplifyAndRemesh\inc\mesh.h(103,25): error C2143: 语法错误: 缺少“;”(在“常数”的前面)
E:\Users\Administrator\source\repos\MeshSimplifyAndRemesh\inc\mesh.h(103,17): error C2059: 语法错误:“常数”
E:\Users\Administrator\source\repos\MeshSimplifyAndRemesh\inc\mesh.h(103,17): error C2059: 语法错误:“)”
E:\Users\Administrator\source\repos\MeshSimplifyAndRemesh\inc\mesh.h(103,17): error C2334: “:”的前面有意外标记；跳过明显的函数体
E:\Users\Administrator\source\repos\MeshSimplifyAndRemesh\inc\mesh.h(172,41): error C2143: 语法错误: 缺少“)”(在“常数”的前面)
E:\Users\Administrator\source\repos\MeshSimplifyAndRemesh\inc\mesh.h(172,41): error C2143: 语法错误: 缺少“;”(在“常数”的前面)
E:\Users\Administrator\source\repos\MeshSimplifyAndRemesh\inc\mesh.h(172,41): error C2059: 语法错误:“常数”
E:\Users\Administrator\source\repos\MeshSimplifyAndRemesh\inc\mesh.h(172,65): error C2059: 语法错误:“)”
E:\Users\Administrator\source\repos\MeshSimplifyAndRemesh\inc\mesh.h(172,66): error C2334: “{”的前面有意外标记；跳过明显的函数体
E:\Users\Administrator\source\repos\MeshSimplifyAndRemesh\inc\mesh.h(248,41): error C2143: 语法错误: 缺少“)”(在“常数”的前面)
E:\Users\Administrator\source\repos\MeshSimplifyAndRemesh\inc\mesh.h(248,41): error C2143: 语法错误: 缺少“;”(在“常数”的前面)
E:\Users\Administrator\source\repos\MeshSimplifyAndRemesh\inc\mesh.h(248,41): error C2059: 语法错误:“常数”
E:\Users\Administrator\source\repos\MeshSimplifyAndRemesh\inc\mesh.h(248,54): error C2059: 语法错误:“)”
E:\Users\Administrator\source\repos\MeshSimplifyAndRemesh\inc\mesh.h(248,55): error C2334: “{”的前面有意外标记；跳过明显的函数体
E:\Users\Administrator\source\repos\MeshSimplifyAndRemesh\inc\mesh.h(258,33): error C2143: 语法错误: 缺少“)”(在“常数”的前面)
E:\Users\Administrator\source\repos\MeshSimplifyAndRemesh\inc\mesh.h(258,33): error C2143: 语法错误: 缺少“;”(在“常数”的前面)
E:\Users\Administrator\source\repos\MeshSimplifyAndRemesh\inc\mesh.h(258,33): error C2059: 语法错误:“常数”
E:\Users\Administrator\source\repos\MeshSimplifyAndRemesh\inc\mesh.h(258,46): error C2059: 语法错误:“)”
E:\Users\Administrator\source\repos\MeshSimplifyAndRemesh\inc\mesh.h(258,47): error C2334: “{”的前面有意外标记；跳过明显的函数体
E:\Users\Administrator\source\repos\MeshSimplifyAndRemesh\inc\mesh.h(288,51): error C2143: 语法错误: 缺少“)”(在“常数”的前面)
E:\Users\Administrator\source\repos\MeshSimplifyAndRemesh\inc\mesh.h(288,51): error C2143: 语法错误: 缺少“;”(在“常数”的前面)
E:\Users\Administrator\source\repos\MeshSimplifyAndRemesh\inc\mesh.h(288,51): error C2059: 语法错误:“常数”
E:\Users\Administrator\source\repos\MeshSimplifyAndRemesh\inc\mesh.h(288,116): error C2059: 语法错误:“)”
E:\Users\Administrator\source\repos\MeshSimplifyAndRemesh\inc\mesh.h(288,117): error C2334: “{”的前面有意外标记；跳过明显的函数体
E:\Users\Administrator\source\repos\MeshSimplifyAndRemesh\inc\mesh.h(314,37): error C2143: 语法错误: 缺少“)”(在“常数”的前面)
E:\Users\Administrator\source\repos\MeshSimplifyAndRemesh\inc\mesh.h(314,37): error C2143: 语法错误: 缺少“;”(在“常数”的前面)
E:\Users\Administrator\source\repos\MeshSimplifyAndRemesh\inc\mesh.h(314,37): error C2059: 语法错误:“常数”
E:\Users\Administrator\source\repos\MeshSimplifyAndRemesh\inc\mesh.h(314,71): error C2059: 语法错误:“)”
E:\Users\Administrator\source\repos\MeshSimplifyAndRemesh\inc\mesh.h(314,72): error C2334: “{”的前面有意外标记；跳过明显的函数体
E:\Users\Administrator\source\repos\MeshSimplifyAndRemesh\inc\mesh.h(535,34): error C2143: 语法错误: 缺少“)”(在“常数”的前面)
E:\Users\Administrator\source\repos\MeshSimplifyAndRemesh\inc\mesh.h(535,34): error C2143: 语法错误: 缺少“;”(在“常数”的前面)
E:\Users\Administrator\source\repos\MeshSimplifyAndRemesh\inc\mesh.h(535,34): error C2059: 语法错误:“常数”
E:\Users\Administrator\source\repos\MeshSimplifyAndRemesh\inc\mesh.h(535,47): error C2059: 语法错误:“)”
E:\Users\Administrator\source\repos\MeshSimplifyAndRemesh\inc\mesh.h(535,48): error C2334: “{”的前面有意外标记；跳过明显的函数体
E:\Users\Administrator\source\repos\MeshSimplifyAndRemesh\inc\mesh.h(554,40): error C2143: 语法错误: 缺少“)”(在“常数”的前面)
E:\Users\Administrator\source\repos\MeshSimplifyAndRemesh\inc\mesh.h(554,40): error C2143: 语法错误: 缺少“;”(在“常数”的前面)
E:\Users\Administrator\source\repos\MeshSimplifyAndRemesh\inc\mesh.h(554,40): error C2059: 语法错误:“常数”
E:\Users\Administrator\source\repos\MeshSimplifyAndRemesh\inc\mesh.h(554,53): error C2059: 语法错误:“)”
E:\Users\Administrator\source\repos\MeshSimplifyAndRemesh\inc\mesh.h(554,54): error C2334: “{”的前面有意外标记；跳过明显的函数体
E:\Users\Administrator\source\repos\MeshSimplifyAndRemesh\inc\mesh.h(560,39): error C2143: 语法错误: 缺少“)”(在“常数”的前面)
E:\Users\Administrator\source\repos\MeshSimplifyAndRemesh\inc\mesh.h(560,39): error C2143: 语法错误: 缺少“;”(在“常数”的前面)
E:\Users\Administrator\source\repos\MeshSimplifyAndRemesh\inc\mesh.h(560,39): error C2059: 语法错误:“常数”
E:\Users\Administrator\source\repos\MeshSimplifyAndRemesh\inc\mesh.h(560,52): error C2059: 语法错误:“)”
E:\Users\Administrator\source\repos\MeshSimplifyAndRemesh\inc\mesh.h(560,53): error C2334: “{”的前面有意外标记；跳过明显的函数体
E:\Users\Administrator\source\repos\MeshSimplifyAndRemesh\inc\remesher.h(14,7): error C2059: 语法错误:“using namespace”
E:\Users\Administrator\source\repos\MeshSimplifyAndRemesh\inc\remesher.h(14,24): error C2238: 意外的标记位于“;”之前
E:\Users\Administrator\source\repos\MeshSimplifyAndRemesh\inc\remesher.h(21,25): error C2143: 语法错误: 缺少“)”(在“常数”的前面)
E:\Users\Administrator\source\repos\MeshSimplifyAndRemesh\inc\remesher.h(21,25): error C2143: 语法错误: 缺少“;”(在“常数”的前面)
E:\Users\Administrator\source\repos\MeshSimplifyAndRemesh\inc\remesher.h(21,25): error C2059: 语法错误:“常数”
E:\Users\Administrator\source\repos\MeshSimplifyAndRemesh\inc\remesher.h(21,38): error C2059: 语法错误:“)”
E:\Users\Administrator\source\repos\MeshSimplifyAndRemesh\inc\remesher.h(21,39): error C2334: “{”的前面有意外标记；跳过明显的函数体
E:\Users\Administrator\source\repos\MeshSimplifyAndRemesh\inc\remesher.h(25,28): error C2143: 语法错误: 缺少“)”(在“常数”的前面)
E:\Users\Administrator\source\repos\MeshSimplifyAndRemesh\inc\remesher.h(25,28): error C2143: 语法错误: 缺少“;”(在“常数”的前面)
E:\Users\Administrator\source\repos\MeshSimplifyAndRemesh\inc\remesher.h(25,28): error C2059: 语法错误:“常数”
E:\Users\Administrator\source\repos\MeshSimplifyAndRemesh\inc\remesher.h(25,45): error C2059: 语法错误:“)”
E:\Users\Administrator\source\repos\MeshSimplifyAndRemesh\inc\remesher.h(25,46): error C2334: “{”的前面有意外标记；跳过明显的函数体
E:\Users\Administrator\source\repos\MeshSimplifyAndRemesh\inc\remesher.h(51,34): error C2143: 语法错误: 缺少“)”(在“常数”的前面)
E:\Users\Administrator\source\repos\MeshSimplifyAndRemesh\inc\remesher.h(51,34): error C2143: 语法错误: 缺少“;”(在“常数”的前面)
E:\Users\Administrator\source\repos\MeshSimplifyAndRemesh\inc\remesher.h(51,34): error C2059: 语法错误:“常数”
E:\Users\Administrator\source\repos\MeshSimplifyAndRemesh\inc\remesher.h(51,54): error C2059: 语法错误:“)”
E:\Users\Administrator\source\repos\MeshSimplifyAndRemesh\inc\remesher.h(51,55): error C2334: “{”的前面有意外标记；跳过明显的函数体
E:\Users\Administrator\source\repos\MeshSimplifyAndRemesh\inc\remesher.h(61,30): error C2143: 语法错误: 缺少“)”(在“常数”的前面)
E:\Users\Administrator\source\repos\MeshSimplifyAndRemesh\inc\remesher.h(61,30): error C2143: 语法错误: 缺少“;”(在“常数”的前面)
E:\Users\Administrator\source\repos\MeshSimplifyAndRemesh\inc\remesher.h(61,30): error C2059: 语法错误:“常数”
E:\Users\Administrator\source\repos\MeshSimplifyAndRemesh\inc\remesher.h(61,64): error C2059: 语法错误:“)”
E:\Users\Administrator\source\repos\MeshSimplifyAndRemesh\inc\remesher.h(61,65): error C2334: “{”的前面有意外标记；跳过明显的函数体
E:\Users\Administrator\source\repos\MeshSimplifyAndRemesh\inc\remesher.h(109,35): error C2143: 语法错误: 缺少“)”(在“常数”的前面)
E:\Users\Administrator\source\repos\MeshSimplifyAndRemesh\inc\remesher.h(109,35): error C2143: 语法错误: 缺少“;”(在“常数”的前面)
E:\Users\Administrator\source\repos\MeshSimplifyAndRemesh\inc\remesher.h(109,35): error C2059: 语法错误:“常数”
E:\Users\Administrator\source\repos\MeshSimplifyAndRemesh\inc\remesher.h(109,37): error C2059: 语法错误:“)”
E:\Users\Administrator\source\repos\MeshSimplifyAndRemesh\inc\remesher.h(109,38): error C2334: “{”的前面有意外标记；跳过明显的函数体
E:\Users\Administrator\source\repos\MeshSimplifyAndRemesh\inc\remesher.h(113,24): error C2143: 语法错误: 缺少“)”(在“常数”的前面)
E:\Users\Administrator\source\repos\MeshSimplifyAndRemesh\inc\remesher.h(113,24): error C2143: 语法错误: 缺少“;”(在“常数”的前面)
E:\Users\Administrator\source\repos\MeshSimplifyAndRemesh\inc\remesher.h(113,24): error C2059: 语法错误:“常数”
E:\Users\Administrator\source\repos\MeshSimplifyAndRemesh\inc\remesher.h(113,36): error C2059: 语法错误:“)”
E:\Users\Administrator\source\repos\MeshSimplifyAndRemesh\inc\remesher.h(113,37): error C2334: “{”的前面有意外标记；跳过明显的函数体
E:\Users\Administrator\source\repos\MeshSimplifyAndRemesh\inc\remesher.h(135,25): error C2988: 不可识别的模板声明/定义
E:\Users\Administrator\source\repos\MeshSimplifyAndRemesh\inc\remesher.h(135,25): error C2143: 语法错误: 缺少“)”(在“常数”的前面)
E:\Users\Administrator\source\repos\MeshSimplifyAndRemesh\inc\remesher.h(135,25): error C2143: 语法错误: 缺少“;”(在“常数”的前面)
E:\Users\Administrator\source\repos\MeshSimplifyAndRemesh\inc\remesher.h(135,1): fatal error C1003: 错误计数超过 100；正在停止编译
  正在生成代码...
